{"/home/travis/build/npmtest/node-npmtest-telegram-bot-bootstrap/test.js":{"path":"/home/travis/build/npmtest/node-npmtest-telegram-bot-bootstrap/test.js","s":{"1":2,"2":2,"3":2,"4":2,"5":2,"6":2,"7":2,"8":1,"9":2,"10":2,"11":1,"12":1,"13":1,"14":1,"15":2,"16":2,"17":2,"18":2,"19":1,"20":1,"21":2,"22":2,"23":2,"24":1,"25":1,"26":1,"27":1,"28":1,"29":1,"30":1,"31":1,"32":1,"33":1,"34":1,"35":1,"36":1,"37":1,"38":1,"39":2,"40":2,"41":1,"42":2,"43":2,"44":1,"45":2,"46":2,"47":1,"48":2,"49":2,"50":1,"51":1,"52":1,"53":1,"54":1},"b":{"1":[2,1,1,1],"2":[1,1,1,1],"3":[1,1],"4":[1,1],"5":[1,1],"6":[1,1],"7":[1,1],"8":[1,1],"9":[1,1],"10":[1,1,1],"11":[1,1],"12":[1,1],"13":[1,1],"14":[1,1],"15":[1,1],"16":[1,1],"17":[1,1]},"f":{"1":2,"2":2,"3":2,"4":2,"5":2,"6":1,"7":1,"8":1,"9":2,"10":2,"11":2,"12":2,"13":1},"fnMap":{"1":{"name":"(anonymous_1)","line":12,"loc":{"start":{"line":12,"column":1},"end":{"line":12,"column":13}}},"2":{"name":"(anonymous_2)","line":19,"loc":{"start":{"line":19,"column":5},"end":{"line":19,"column":17}}},"3":{"name":"(anonymous_3)","line":23,"loc":{"start":{"line":23,"column":24},"end":{"line":23,"column":36}}},"4":{"name":"(anonymous_4)","line":61,"loc":{"start":{"line":61,"column":5},"end":{"line":61,"column":17}}},"5":{"name":"(anonymous_5)","line":82,"loc":{"start":{"line":82,"column":5},"end":{"line":82,"column":17}}},"6":{"name":"(anonymous_6)","line":91,"loc":{"start":{"line":91,"column":77},"end":{"line":94,"column":10}}},"7":{"name":"(anonymous_7)","line":112,"loc":{"start":{"line":112,"column":83},"end":{"line":115,"column":10}},"skip":true},"8":{"name":"(anonymous_8)","line":123,"loc":{"start":{"line":123,"column":77},"end":{"line":126,"column":10}},"skip":true},"9":{"name":"(anonymous_9)","line":139,"loc":{"start":{"line":139,"column":12},"end":{"line":139,"column":40}},"skip":true},"10":{"name":"(anonymous_10)","line":147,"loc":{"start":{"line":147,"column":77},"end":{"line":150,"column":10}},"skip":true},"11":{"name":"(anonymous_11)","line":158,"loc":{"start":{"line":158,"column":83},"end":{"line":161,"column":10}},"skip":true},"12":{"name":"(anonymous_12)","line":169,"loc":{"start":{"line":169,"column":79},"end":{"line":172,"column":10}},"skip":true},"13":{"name":"(anonymous_13)","line":180,"loc":{"start":{"line":180,"column":75},"end":{"line":183,"column":10}},"skip":true}},"statementMap":{"1":{"start":{"line":12,"column":0},"end":{"line":195,"column":5}},"2":{"start":{"line":14,"column":4},"end":{"line":14,"column":14}},"3":{"start":{"line":19,"column":4},"end":{"line":56,"column":9}},"4":{"start":{"line":21,"column":8},"end":{"line":21,"column":19}},"5":{"start":{"line":23,"column":8},"end":{"line":35,"column":13}},"6":{"start":{"line":24,"column":12},"end":{"line":34,"column":13}},"7":{"start":{"line":25,"column":16},"end":{"line":28,"column":30}},"8":{"start":{"line":30,"column":16},"end":{"line":33,"column":27}},"9":{"start":{"line":37,"column":8},"end":{"line":39,"column":21}},"10":{"start":{"line":40,"column":8},"end":{"line":53,"column":9}},"11":{"start":{"line":43,"column":12},"end":{"line":46,"column":14}},"12":{"start":{"line":47,"column":12},"end":{"line":47,"column":18}},"13":{"start":{"line":50,"column":12},"end":{"line":51,"column":33}},"14":{"start":{"line":52,"column":12},"end":{"line":52,"column":18}},"15":{"start":{"line":55,"column":8},"end":{"line":55,"column":35}},"16":{"start":{"line":61,"column":4},"end":{"line":63,"column":9}},"17":{"start":{"line":62,"column":8},"end":{"line":62,"column":15}},"18":{"start":{"line":64,"column":4},"end":{"line":77,"column":5}},"19":{"start":{"line":70,"column":8},"end":{"line":70,"column":14}},"20":{"start":{"line":76,"column":8},"end":{"line":76,"column":14}},"21":{"start":{"line":82,"column":4},"end":{"line":84,"column":9}},"22":{"start":{"line":83,"column":8},"end":{"line":83,"column":15}},"23":{"start":{"line":85,"column":4},"end":{"line":194,"column":5}},"24":{"start":{"line":91,"column":8},"end":{"line":99,"column":10}},"25":{"start":{"line":98,"column":12},"end":{"line":98,"column":35}},"26":{"start":{"line":102,"column":8},"end":{"line":104,"column":63}},"27":{"start":{"line":105,"column":8},"end":{"line":105,"column":14}},"28":{"start":{"line":112,"column":8},"end":{"line":121,"column":10},"skip":true},"29":{"start":{"line":119,"column":12},"end":{"line":119,"column":55},"skip":true},"30":{"start":{"line":120,"column":12},"end":{"line":120,"column":48},"skip":true},"31":{"start":{"line":123,"column":8},"end":{"line":136,"column":10},"skip":true},"32":{"start":{"line":130,"column":12},"end":{"line":130,"column":76},"skip":true},"33":{"start":{"line":131,"column":12},"end":{"line":131,"column":73},"skip":true},"34":{"start":{"line":132,"column":12},"end":{"line":132,"column":74},"skip":true},"35":{"start":{"line":133,"column":12},"end":{"line":133,"column":79},"skip":true},"36":{"start":{"line":134,"column":12},"end":{"line":134,"column":25},"skip":true},"37":{"start":{"line":135,"column":12},"end":{"line":135,"column":45},"skip":true},"38":{"start":{"line":138,"column":8},"end":{"line":145,"column":14},"skip":true},"39":{"start":{"line":143,"column":16},"end":{"line":143,"column":29},"skip":true},"40":{"start":{"line":144,"column":16},"end":{"line":144,"column":55},"skip":true},"41":{"start":{"line":147,"column":8},"end":{"line":156,"column":10},"skip":true},"42":{"start":{"line":154,"column":12},"end":{"line":154,"column":25},"skip":true},"43":{"start":{"line":155,"column":12},"end":{"line":155,"column":45},"skip":true},"44":{"start":{"line":158,"column":8},"end":{"line":167,"column":10},"skip":true},"45":{"start":{"line":165,"column":12},"end":{"line":165,"column":25},"skip":true},"46":{"start":{"line":166,"column":12},"end":{"line":166,"column":48},"skip":true},"47":{"start":{"line":169,"column":8},"end":{"line":178,"column":10},"skip":true},"48":{"start":{"line":176,"column":12},"end":{"line":176,"column":25},"skip":true},"49":{"start":{"line":177,"column":12},"end":{"line":177,"column":46},"skip":true},"50":{"start":{"line":180,"column":8},"end":{"line":189,"column":10},"skip":true},"51":{"start":{"line":187,"column":12},"end":{"line":187,"column":94},"skip":true},"52":{"start":{"line":188,"column":12},"end":{"line":188,"column":48},"skip":true},"53":{"start":{"line":192,"column":8},"end":{"line":192,"column":35},"skip":true},"54":{"start":{"line":193,"column":8},"end":{"line":193,"column":14},"skip":true}},"branchMap":{"1":{"line":25,"type":"binary-expr","locations":[{"start":{"line":25,"column":23},"end":{"line":25,"column":62}},{"start":{"line":26,"column":20},"end":{"line":26,"column":70}},{"start":{"line":27,"column":20},"end":{"line":27,"column":71}},{"start":{"line":28,"column":20},"end":{"line":28,"column":29}}]},"2":{"line":30,"type":"binary-expr","locations":[{"start":{"line":30,"column":23},"end":{"line":30,"column":37}},{"start":{"line":31,"column":20},"end":{"line":31,"column":61}},{"start":{"line":32,"column":20},"end":{"line":32,"column":70}},{"start":{"line":33,"column":20},"end":{"line":33,"column":26}}]},"3":{"line":37,"type":"cond-expr","locations":[{"start":{"line":38,"column":14},"end":{"line":38,"column":20}},{"start":{"line":39,"column":14},"end":{"line":39,"column":20}}]},"4":{"line":40,"type":"switch","locations":[{"start":{"line":42,"column":8},"end":{"line":47,"column":18}},{"start":{"line":49,"column":8},"end":{"line":52,"column":18}}]},"5":{"line":44,"type":"binary-expr","locations":[{"start":{"line":44,"column":16},"end":{"line":44,"column":44}},{"start":{"line":44,"column":48},"end":{"line":44,"column":66}}]},"6":{"line":50,"type":"binary-expr","locations":[{"start":{"line":50,"column":21},"end":{"line":50,"column":49}},{"start":{"line":50,"column":53},"end":{"line":50,"column":72}}]},"7":{"line":64,"type":"switch","locations":[{"start":{"line":69,"column":4},"end":{"line":70,"column":14}},{"start":{"line":75,"column":4},"end":{"line":76,"column":14}}]},"8":{"line":85,"type":"switch","locations":[{"start":{"line":90,"column":4},"end":{"line":105,"column":14}},{"start":{"line":111,"column":4},"end":{"line":193,"column":14},"skip":true}]},"9":{"line":91,"type":"binary-expr","locations":[{"start":{"line":91,"column":42},"end":{"line":91,"column":73}},{"start":{"line":91,"column":77},"end":{"line":99,"column":9}}]},"10":{"line":102,"type":"binary-expr","locations":[{"start":{"line":102,"column":18},"end":{"line":102,"column":32}},{"start":{"line":103,"column":12},"end":{"line":103,"column":53}},{"start":{"line":104,"column":12},"end":{"line":104,"column":61}}]},"11":{"line":112,"type":"binary-expr","locations":[{"start":{"line":112,"column":45},"end":{"line":112,"column":79},"skip":true},{"start":{"line":112,"column":83},"end":{"line":121,"column":9},"skip":true}]},"12":{"line":123,"type":"binary-expr","locations":[{"start":{"line":123,"column":42},"end":{"line":123,"column":73},"skip":true},{"start":{"line":123,"column":77},"end":{"line":136,"column":9},"skip":true}]},"13":{"line":138,"type":"binary-expr","locations":[{"start":{"line":138,"column":48},"end":{"line":138,"column":85},"skip":true},{"start":{"line":139,"column":12},"end":{"line":145,"column":13},"skip":true}]},"14":{"line":147,"type":"binary-expr","locations":[{"start":{"line":147,"column":42},"end":{"line":147,"column":73},"skip":true},{"start":{"line":147,"column":77},"end":{"line":156,"column":9},"skip":true}]},"15":{"line":158,"type":"binary-expr","locations":[{"start":{"line":158,"column":45},"end":{"line":158,"column":79},"skip":true},{"start":{"line":158,"column":83},"end":{"line":167,"column":9},"skip":true}]},"16":{"line":169,"type":"binary-expr","locations":[{"start":{"line":169,"column":43},"end":{"line":169,"column":75},"skip":true},{"start":{"line":169,"column":79},"end":{"line":178,"column":9},"skip":true}]},"17":{"line":180,"type":"binary-expr","locations":[{"start":{"line":180,"column":41},"end":{"line":180,"column":71},"skip":true},{"start":{"line":180,"column":75},"end":{"line":189,"column":9},"skip":true}]}},"code":["/* istanbul instrument in package npmtest_telegram_bot_bootstrap */","/*jslint","    bitwise: true,","    browser: true,","    maxerr: 8,","    maxlen: 96,","    node: true,","    nomen: true,","    regexp: true,","    stupid: true","*/","(function () {","    'use strict';","    var local;","","","","    // run shared js-env code - pre-init","    (function () {","        // init local","        local = {};","        // init modeJs","        local.modeJs = (function () {","            try {","                return typeof navigator.userAgent === 'string' &&","                    typeof document.querySelector('body') === 'object' &&","                    typeof XMLHttpRequest.prototype.open === 'function' &&","                    'browser';","            } catch (errorCaughtBrowser) {","                return module.exports &&","                    typeof process.versions.node === 'string' &&","                    typeof require('http').createServer === 'function' &&","                    'node';","            }","        }());","        // init global","        local.global = local.modeJs === 'browser'","            ? window","            : global;","        switch (local.modeJs) {","        // re-init local from window.local","        case 'browser':","            local = local.global.utility2.objectSetDefault(","                local.global.utility2_rollup || local.global.local,","                local.global.utility2","            );","            break;","        // re-init local from example.js","        case 'node':","            local = (local.global.utility2_rollup || require('utility2'))","                .requireReadme();","            break;","        }","        // export local","        local.global.local = local;","    }());","","","","    // run shared js-env code - function","    (function () {","        return;","    }());","    switch (local.modeJs) {","","","","    // run browser js-env code - function","    case 'browser':","        break;","","","","    // run node js-env code - function","    case 'node':","        break;","    }","","","","    // run shared js-env code - post-init","    (function () {","        return;","    }());","    switch (local.modeJs) {","","","","    // run browser js-env code - post-init","    case 'browser':","        local.testCase_browser_nullCase = local.testCase_browser_nullCase || function (","            options,","            onError","        ) {","        /*","         * this function will test browsers's null-case handling-behavior-behavior","         */","            onError(null, options);","        };","","        // run tests","        local.nop(local.modeTest &&","            document.querySelector('#testRunButton1') &&","            document.querySelector('#testRunButton1').click());","        break;","","","","    // run node js-env code - post-init","    /* istanbul ignore next */","    case 'node':","        local.testCase_buildApidoc_default = local.testCase_buildApidoc_default || function (","            options,","            onError","        ) {","        /*","         * this function will test buildApidoc's default handling-behavior-behavior","         */","            options = { modulePathList: module.paths };","            local.buildApidoc(options, onError);","        };","","        local.testCase_buildApp_default = local.testCase_buildApp_default || function (","            options,","            onError","        ) {","        /*","         * this function will test buildApp's default handling-behavior-behavior","         */","            local.testCase_buildReadme_default(options, local.onErrorThrow);","            local.testCase_buildLib_default(options, local.onErrorThrow);","            local.testCase_buildTest_default(options, local.onErrorThrow);","            local.testCase_buildCustomOrg_default(options, local.onErrorThrow);","            options = [];","            local.buildApp(options, onError);","        };","","        local.testCase_buildCustomOrg_default = local.testCase_buildCustomOrg_default ||","            function (options, onError) {","            /*","             * this function will test buildCustomOrg's default handling-behavior","             */","                options = {};","                local.buildCustomOrg(options, onError);","            };","","        local.testCase_buildLib_default = local.testCase_buildLib_default || function (","            options,","            onError","        ) {","        /*","         * this function will test buildLib's default handling-behavior","         */","            options = {};","            local.buildLib(options, onError);","        };","","        local.testCase_buildReadme_default = local.testCase_buildReadme_default || function (","            options,","            onError","        ) {","        /*","         * this function will test buildReadme's default handling-behavior-behavior","         */","            options = {};","            local.buildReadme(options, onError);","        };","","        local.testCase_buildTest_default = local.testCase_buildTest_default || function (","            options,","            onError","        ) {","        /*","         * this function will test buildTest's default handling-behavior","         */","            options = {};","            local.buildTest(options, onError);","        };","","        local.testCase_webpage_default = local.testCase_webpage_default || function (","            options,","            onError","        ) {","        /*","         * this function will test webpage's default handling-behavior","         */","            options = { modeCoverageMerge: true, url: local.serverLocalHost + '?modeTest=1' };","            local.browserTest(options, onError);","        };","","        // run test-server","        local.testRunServer(local);","        break;","    }","}());",""],"l":{"12":2,"14":2,"19":2,"21":2,"23":2,"24":2,"25":2,"30":1,"37":2,"40":2,"43":1,"47":1,"50":1,"52":1,"55":2,"61":2,"62":2,"64":2,"70":1,"76":1,"82":2,"83":2,"85":2,"91":1,"98":1,"102":1,"105":1,"112":1,"119":1,"120":1,"123":1,"130":1,"131":1,"132":1,"133":1,"134":1,"135":1,"138":1,"143":2,"144":2,"147":1,"154":2,"155":2,"158":1,"165":2,"166":2,"169":1,"176":2,"177":2,"180":1,"187":1,"188":1,"192":1,"193":1}},"/home/travis/build/npmtest/node-npmtest-telegram-bot-bootstrap/lib.npmtest_telegram_bot_bootstrap.js":{"path":"/home/travis/build/npmtest/node-npmtest-telegram-bot-bootstrap/lib.npmtest_telegram_bot_bootstrap.js","s":{"1":2,"2":2,"3":2,"4":2,"5":2,"6":2,"7":2,"8":1,"9":2,"10":2,"11":2,"12":2,"13":1,"14":1,"15":1,"16":1},"b":{"1":[2,1,1,1],"2":[1,1,1,1],"3":[1,1],"4":[2,2],"5":[1,1]},"f":{"1":2,"2":2,"3":2},"fnMap":{"1":{"name":"(anonymous_1)","line":12,"loc":{"start":{"line":12,"column":1},"end":{"line":12,"column":13}}},"2":{"name":"(anonymous_2)","line":19,"loc":{"start":{"line":19,"column":5},"end":{"line":19,"column":17}}},"3":{"name":"(anonymous_3)","line":23,"loc":{"start":{"line":23,"column":24},"end":{"line":23,"column":36}}}},"statementMap":{"1":{"start":{"line":12,"column":0},"end":{"line":53,"column":5}},"2":{"start":{"line":14,"column":4},"end":{"line":14,"column":14}},"3":{"start":{"line":19,"column":4},"end":{"line":52,"column":9}},"4":{"start":{"line":21,"column":8},"end":{"line":21,"column":19}},"5":{"start":{"line":23,"column":8},"end":{"line":35,"column":13}},"6":{"start":{"line":24,"column":12},"end":{"line":34,"column":13}},"7":{"start":{"line":25,"column":16},"end":{"line":28,"column":30}},"8":{"start":{"line":30,"column":16},"end":{"line":33,"column":27}},"9":{"start":{"line":37,"column":8},"end":{"line":39,"column":21}},"10":{"start":{"line":41,"column":8},"end":{"line":41,"column":54}},"11":{"start":{"line":43,"column":8},"end":{"line":43,"column":67}},"12":{"start":{"line":45,"column":8},"end":{"line":51,"column":9}},"13":{"start":{"line":46,"column":12},"end":{"line":46,"column":73}},"14":{"start":{"line":48,"column":12},"end":{"line":48,"column":35}},"15":{"start":{"line":49,"column":12},"end":{"line":49,"column":49}},"16":{"start":{"line":50,"column":12},"end":{"line":50,"column":43}}},"branchMap":{"1":{"line":25,"type":"binary-expr","locations":[{"start":{"line":25,"column":23},"end":{"line":25,"column":62}},{"start":{"line":26,"column":20},"end":{"line":26,"column":70}},{"start":{"line":27,"column":20},"end":{"line":27,"column":71}},{"start":{"line":28,"column":20},"end":{"line":28,"column":29}}]},"2":{"line":30,"type":"binary-expr","locations":[{"start":{"line":30,"column":23},"end":{"line":30,"column":37}},{"start":{"line":31,"column":20},"end":{"line":31,"column":61}},{"start":{"line":32,"column":20},"end":{"line":32,"column":70}},{"start":{"line":33,"column":20},"end":{"line":33,"column":26}}]},"3":{"line":37,"type":"cond-expr","locations":[{"start":{"line":38,"column":14},"end":{"line":38,"column":20}},{"start":{"line":39,"column":14},"end":{"line":39,"column":20}}]},"4":{"line":41,"type":"binary-expr","locations":[{"start":{"line":41,"column":16},"end":{"line":41,"column":44}},{"start":{"line":41,"column":48},"end":{"line":41,"column":53}}]},"5":{"line":45,"type":"if","locations":[{"start":{"line":45,"column":8},"end":{"line":45,"column":8}},{"start":{"line":45,"column":8},"end":{"line":45,"column":8}}]}},"code":["/* istanbul instrument in package npmtest_telegram_bot_bootstrap */","/*jslint","    bitwise: true,","    browser: true,","    maxerr: 8,","    maxlen: 96,","    node: true,","    nomen: true,","    regexp: true,","    stupid: true","*/","(function () {","    'use strict';","    var local;","","","","    // run shared js-env code - pre-init","    (function () {","        // init local","        local = {};","        // init modeJs","        local.modeJs = (function () {","            try {","                return typeof navigator.userAgent === 'string' &&","                    typeof document.querySelector('body') === 'object' &&","                    typeof XMLHttpRequest.prototype.open === 'function' &&","                    'browser';","            } catch (errorCaughtBrowser) {","                return module.exports &&","                    typeof process.versions.node === 'string' &&","                    typeof require('http').createServer === 'function' &&","                    'node';","            }","        }());","        // init global","        local.global = local.modeJs === 'browser'","            ? window","            : global;","        // init utility2_rollup","        local = local.global.utility2_rollup || local;","        // init lib","        local.local = local.npmtest_telegram_bot_bootstrap = local;","        // init exports","        if (local.modeJs === 'browser') {","            local.global.utility2_npmtest_telegram_bot_bootstrap = local;","        } else {","            module.exports = local;","            module.exports.__dirname = __dirname;","            module.exports.module = module;","        }","    }());","}());",""],"l":{"12":2,"14":2,"19":2,"21":2,"23":2,"24":2,"25":2,"30":1,"37":2,"41":2,"43":2,"45":2,"46":1,"48":1,"49":1,"50":1}},"/home/travis/build/npmtest/node-npmtest-telegram-bot-bootstrap/example.js":{"path":"/home/travis/build/npmtest/node-npmtest-telegram-bot-bootstrap/example.js","s":{"1":2,"2":2,"3":2,"4":2,"5":2,"6":2,"7":2,"8":1,"9":2,"10":2,"11":2,"12":2,"13":1,"14":2,"15":2,"16":2,"17":2,"18":2,"19":0,"20":2,"21":1,"22":1,"23":1,"24":1,"25":1,"26":0,"27":0,"28":1,"29":1,"30":2,"31":0,"32":0,"33":0,"34":1,"35":2,"36":2,"37":3,"38":3,"39":3,"40":3,"41":0,"42":3,"43":3,"44":3,"45":1,"46":3,"47":1,"48":1,"49":1,"50":1,"51":1,"52":1,"53":1,"54":1,"55":1,"56":1,"57":0,"58":1,"59":6,"60":6,"61":1,"62":2,"63":0,"64":2,"65":1,"66":1,"67":0,"68":0,"69":0,"70":0,"71":0,"72":0,"73":0,"74":0,"75":0,"76":0,"77":0,"78":0,"79":0,"80":0,"81":0,"82":0,"83":0},"b":{"1":[2,1,1,1],"2":[1,1,1,1],"3":[1,1],"4":[2,2],"5":[1,1],"6":[1,1],"7":[2,0],"8":[2,1,1,1,1,1],"9":[0,2,0],"10":[1,1],"11":[2,1,1],"12":[1,0],"13":[0,2],"14":[2,0,0,0,0,0,0],"15":[0,3],"16":[3,0],"17":[1,1],"18":[0,1],"19":[1,2,0,2],"20":[1,0],"21":[1,1],"22":[0,0],"23":[0,0],"24":[0,0],"25":[0,0],"26":[0,0],"27":[0,0],"28":[0,0]},"f":{"1":2,"2":2,"3":2,"4":2,"5":2,"6":2,"7":3,"8":3,"9":3,"10":1,"11":6,"12":0},"fnMap":{"1":{"name":"(anonymous_1)","line":26,"loc":{"start":{"line":26,"column":1},"end":{"line":26,"column":13}}},"2":{"name":"(anonymous_2)","line":33,"loc":{"start":{"line":33,"column":5},"end":{"line":33,"column":17}}},"3":{"name":"(anonymous_3)","line":37,"loc":{"start":{"line":37,"column":24},"end":{"line":37,"column":36}}},"4":{"name":"(anonymous_4)","line":69,"loc":{"start":{"line":69,"column":31},"end":{"line":69,"column":48}},"skip":true},"5":{"name":"(anonymous_5)","line":78,"loc":{"start":{"line":78,"column":26},"end":{"line":78,"column":45}},"skip":true},"6":{"name":"(anonymous_6)","line":123,"loc":{"start":{"line":123,"column":33},"end":{"line":123,"column":48}},"skip":true},"7":{"name":"(anonymous_7)","line":125,"loc":{"start":{"line":125,"column":27},"end":{"line":125,"column":39}},"skip":true},"8":{"name":"(anonymous_8)","line":133,"loc":{"start":{"line":133,"column":59},"end":{"line":133,"column":74}},"skip":true},"9":{"name":"(anonymous_9)","line":143,"loc":{"start":{"line":143,"column":45},"end":{"line":143,"column":62}},"skip":true},"10":{"name":"(anonymous_10)","line":144,"loc":{"start":{"line":144,"column":73},"end":{"line":144,"column":92}},"skip":true},"11":{"name":"(anonymous_11)","line":272,"loc":{"start":{"line":272,"column":51},"end":{"line":272,"column":77}},"skip":true},"12":{"name":"(anonymous_12)","line":315,"loc":{"start":{"line":315,"column":32},"end":{"line":315,"column":61}},"skip":true}},"statementMap":{"1":{"start":{"line":26,"column":0},"end":{"line":326,"column":5}},"2":{"start":{"line":28,"column":4},"end":{"line":28,"column":14}},"3":{"start":{"line":33,"column":4},"end":{"line":60,"column":9}},"4":{"start":{"line":35,"column":8},"end":{"line":35,"column":19}},"5":{"start":{"line":37,"column":8},"end":{"line":49,"column":13}},"6":{"start":{"line":38,"column":12},"end":{"line":48,"column":13}},"7":{"start":{"line":39,"column":16},"end":{"line":42,"column":30}},"8":{"start":{"line":44,"column":16},"end":{"line":47,"column":27}},"9":{"start":{"line":51,"column":8},"end":{"line":53,"column":21}},"10":{"start":{"line":55,"column":8},"end":{"line":57,"column":45}},"11":{"start":{"line":59,"column":8},"end":{"line":59,"column":35}},"12":{"start":{"line":61,"column":4},"end":{"line":325,"column":5}},"13":{"start":{"line":69,"column":8},"end":{"line":121,"column":10},"skip":true},"14":{"start":{"line":70,"column":12},"end":{"line":88,"column":13},"skip":true},"15":{"start":{"line":76,"column":16},"end":{"line":87,"column":19},"skip":true},"16":{"start":{"line":79,"column":20},"end":{"line":86,"column":21},"skip":true},"17":{"start":{"line":82,"column":24},"end":{"line":82,"column":43},"skip":true},"18":{"start":{"line":83,"column":24},"end":{"line":83,"column":30},"skip":true},"19":{"start":{"line":85,"column":24},"end":{"line":85,"column":49},"skip":true},"20":{"start":{"line":89,"column":12},"end":{"line":107,"column":13},"skip":true},"21":{"start":{"line":92,"column":16},"end":{"line":102,"column":17},"skip":true},"22":{"start":{"line":93,"column":20},"end":{"line":93,"column":86},"skip":true},"23":{"start":{"line":94,"column":20},"end":{"line":95,"column":45},"skip":true},"24":{"start":{"line":96,"column":20},"end":{"line":96,"column":42},"skip":true},"25":{"start":{"line":97,"column":20},"end":{"line":97,"column":48},"skip":true},"26":{"start":{"line":100,"column":20},"end":{"line":100,"column":85},"skip":true},"27":{"start":{"line":101,"column":20},"end":{"line":101,"column":96},"skip":true},"28":{"start":{"line":103,"column":16},"end":{"line":103,"column":22},"skip":true},"29":{"start":{"line":106,"column":16},"end":{"line":106,"column":22},"skip":true},"30":{"start":{"line":108,"column":12},"end":{"line":120,"column":13},"skip":true},"31":{"start":{"line":114,"column":16},"end":{"line":119,"column":17},"skip":true},"32":{"start":{"line":116,"column":20},"end":{"line":116,"column":78},"skip":true},"33":{"start":{"line":118,"column":20},"end":{"line":118,"column":47},"skip":true},"34":{"start":{"line":123,"column":8},"end":{"line":141,"column":11},"skip":true},"35":{"start":{"line":124,"column":12},"end":{"line":124,"column":54},"skip":true},"36":{"start":{"line":125,"column":12},"end":{"line":140,"column":14},"skip":true},"37":{"start":{"line":126,"column":16},"end":{"line":126,"column":28},"skip":true},"38":{"start":{"line":127,"column":16},"end":{"line":127,"column":69},"skip":true},"39":{"start":{"line":128,"column":16},"end":{"line":128,"column":75},"skip":true},"40":{"start":{"line":129,"column":16},"end":{"line":131,"column":17},"skip":true},"41":{"start":{"line":130,"column":20},"end":{"line":130,"column":27},"skip":true},"42":{"start":{"line":133,"column":16},"end":{"line":137,"column":36},"skip":true},"43":{"start":{"line":134,"column":20},"end":{"line":136,"column":55},"skip":true},"44":{"start":{"line":139,"column":16},"end":{"line":139,"column":57},"skip":true},"45":{"start":{"line":143,"column":8},"end":{"line":147,"column":11},"skip":true},"46":{"start":{"line":144,"column":12},"end":{"line":146,"column":15},"skip":true},"47":{"start":{"line":145,"column":16},"end":{"line":145,"column":70},"skip":true},"48":{"start":{"line":149,"column":8},"end":{"line":149,"column":31},"skip":true},"49":{"start":{"line":150,"column":8},"end":{"line":150,"column":14},"skip":true},"50":{"start":{"line":158,"column":8},"end":{"line":158,"column":31},"skip":true},"51":{"start":{"line":160,"column":8},"end":{"line":160,"column":33},"skip":true},"52":{"start":{"line":161,"column":8},"end":{"line":161,"column":37},"skip":true},"53":{"start":{"line":162,"column":8},"end":{"line":162,"column":35},"skip":true},"54":{"start":{"line":164,"column":8},"end":{"line":164,"column":50},"skip":true},"55":{"start":{"line":166,"column":8},"end":{"line":256,"column":2},"skip":true},"56":{"start":{"line":258,"column":8},"end":{"line":286,"column":9},"skip":true},"57":{"start":{"line":259,"column":12},"end":{"line":269,"column":14},"skip":true},"58":{"start":{"line":271,"column":12},"end":{"line":285,"column":19},"skip":true},"59":{"start":{"line":274,"column":20},"end":{"line":274,"column":35},"skip":true},"60":{"start":{"line":275,"column":20},"end":{"line":284,"column":21},"skip":true},"61":{"start":{"line":277,"column":24},"end":{"line":277,"column":64},"skip":true},"62":{"start":{"line":279,"column":24},"end":{"line":279,"column":40},"skip":true},"63":{"start":{"line":281,"column":24},"end":{"line":281,"column":40},"skip":true},"64":{"start":{"line":283,"column":24},"end":{"line":283,"column":39},"skip":true},"65":{"start":{"line":288,"column":8},"end":{"line":290,"column":9},"skip":true},"66":{"start":{"line":289,"column":12},"end":{"line":289,"column":18},"skip":true},"67":{"start":{"line":291,"column":8},"end":{"line":293,"column":54},"skip":true},"68":{"start":{"line":296,"column":8},"end":{"line":301,"column":37},"skip":true},"69":{"start":{"line":303,"column":8},"end":{"line":303,"column":82},"skip":true},"70":{"start":{"line":306,"column":8},"end":{"line":308,"column":9},"skip":true},"71":{"start":{"line":307,"column":12},"end":{"line":307,"column":82},"skip":true},"72":{"start":{"line":310,"column":8},"end":{"line":312,"column":9},"skip":true},"73":{"start":{"line":311,"column":12},"end":{"line":311,"column":18},"skip":true},"74":{"start":{"line":313,"column":8},"end":{"line":313,"column":54},"skip":true},"75":{"start":{"line":314,"column":8},"end":{"line":314,"column":69},"skip":true},"76":{"start":{"line":315,"column":8},"end":{"line":323,"column":36},"skip":true},"77":{"start":{"line":316,"column":12},"end":{"line":316,"column":61},"skip":true},"78":{"start":{"line":317,"column":12},"end":{"line":320,"column":13},"skip":true},"79":{"start":{"line":318,"column":16},"end":{"line":318,"column":75},"skip":true},"80":{"start":{"line":319,"column":16},"end":{"line":319,"column":23},"skip":true},"81":{"start":{"line":321,"column":12},"end":{"line":321,"column":38},"skip":true},"82":{"start":{"line":322,"column":12},"end":{"line":322,"column":27},"skip":true},"83":{"start":{"line":324,"column":8},"end":{"line":324,"column":14},"skip":true}},"branchMap":{"1":{"line":39,"type":"binary-expr","locations":[{"start":{"line":39,"column":23},"end":{"line":39,"column":62}},{"start":{"line":40,"column":20},"end":{"line":40,"column":70}},{"start":{"line":41,"column":20},"end":{"line":41,"column":71}},{"start":{"line":42,"column":20},"end":{"line":42,"column":29}}]},"2":{"line":44,"type":"binary-expr","locations":[{"start":{"line":44,"column":23},"end":{"line":44,"column":37}},{"start":{"line":45,"column":20},"end":{"line":45,"column":61}},{"start":{"line":46,"column":20},"end":{"line":46,"column":70}},{"start":{"line":47,"column":20},"end":{"line":47,"column":26}}]},"3":{"line":51,"type":"cond-expr","locations":[{"start":{"line":52,"column":14},"end":{"line":52,"column":20}},{"start":{"line":53,"column":14},"end":{"line":53,"column":20}}]},"4":{"line":55,"type":"binary-expr","locations":[{"start":{"line":55,"column":16},"end":{"line":55,"column":44}},{"start":{"line":55,"column":49},"end":{"line":57,"column":43}}]},"5":{"line":55,"type":"cond-expr","locations":[{"start":{"line":56,"column":14},"end":{"line":56,"column":66}},{"start":{"line":57,"column":14},"end":{"line":57,"column":43}}]},"6":{"line":61,"type":"switch","locations":[{"start":{"line":68,"column":4},"end":{"line":150,"column":14},"skip":true},{"start":{"line":156,"column":4},"end":{"line":324,"column":14},"skip":true}]},"7":{"line":70,"type":"if","locations":[{"start":{"line":70,"column":12},"end":{"line":70,"column":12},"skip":true},{"start":{"line":70,"column":12},"end":{"line":70,"column":12},"skip":true}]},"8":{"line":70,"type":"binary-expr","locations":[{"start":{"line":70,"column":16},"end":{"line":70,"column":22},"skip":true},{"start":{"line":70,"column":27},"end":{"line":70,"column":32},"skip":true},{"start":{"line":71,"column":20},"end":{"line":71,"column":39},"skip":true},{"start":{"line":72,"column":20},"end":{"line":72,"column":49},"skip":true},{"start":{"line":73,"column":20},"end":{"line":73,"column":58},"skip":true},{"start":{"line":74,"column":20},"end":{"line":74,"column":69},"skip":true}]},"9":{"line":79,"type":"switch","locations":[{"start":{"line":80,"column":20},"end":{"line":80,"column":33},"skip":true},{"start":{"line":81,"column":20},"end":{"line":83,"column":30},"skip":true},{"start":{"line":84,"column":20},"end":{"line":85,"column":49},"skip":true}]},"10":{"line":89,"type":"switch","locations":[{"start":{"line":90,"column":12},"end":{"line":103,"column":22},"skip":true},{"start":{"line":105,"column":12},"end":{"line":106,"column":22},"skip":true}]},"11":{"line":89,"type":"binary-expr","locations":[{"start":{"line":89,"column":20},"end":{"line":89,"column":25},"skip":true},{"start":{"line":89,"column":29},"end":{"line":89,"column":48},"skip":true},{"start":{"line":89,"column":52},"end":{"line":89,"column":74},"skip":true}]},"12":{"line":92,"type":"if","locations":[{"start":{"line":92,"column":16},"end":{"line":92,"column":16},"skip":true},{"start":{"line":92,"column":16},"end":{"line":92,"column":16},"skip":true}]},"13":{"line":108,"type":"if","locations":[{"start":{"line":108,"column":12},"end":{"line":108,"column":12},"skip":true},{"start":{"line":108,"column":12},"end":{"line":108,"column":12},"skip":true}]},"14":{"line":108,"type":"binary-expr","locations":[{"start":{"line":108,"column":16},"end":{"line":108,"column":61},"skip":true},{"start":{"line":108,"column":66},"end":{"line":108,"column":72},"skip":true},{"start":{"line":108,"column":77},"end":{"line":108,"column":82},"skip":true},{"start":{"line":109,"column":20},"end":{"line":109,"column":39},"skip":true},{"start":{"line":110,"column":20},"end":{"line":110,"column":49},"skip":true},{"start":{"line":111,"column":20},"end":{"line":111,"column":58},"skip":true},{"start":{"line":112,"column":20},"end":{"line":112,"column":68},"skip":true}]},"15":{"line":129,"type":"if","locations":[{"start":{"line":129,"column":16},"end":{"line":129,"column":16},"skip":true},{"start":{"line":129,"column":16},"end":{"line":129,"column":16},"skip":true}]},"16":{"line":134,"type":"cond-expr","locations":[{"start":{"line":135,"column":26},"end":{"line":135,"column":29},"skip":true},{"start":{"line":136,"column":26},"end":{"line":136,"column":54},"skip":true}]},"17":{"line":164,"type":"binary-expr","locations":[{"start":{"line":164,"column":27},"end":{"line":164,"column":43},"skip":true},{"start":{"line":164,"column":47},"end":{"line":164,"column":49},"skip":true}]},"18":{"line":258,"type":"if","locations":[{"start":{"line":258,"column":8},"end":{"line":258,"column":8},"skip":true},{"start":{"line":258,"column":8},"end":{"line":258,"column":8},"skip":true}]},"19":{"line":275,"type":"switch","locations":[{"start":{"line":276,"column":20},"end":{"line":277,"column":64},"skip":true},{"start":{"line":278,"column":20},"end":{"line":279,"column":40},"skip":true},{"start":{"line":280,"column":20},"end":{"line":281,"column":40},"skip":true},{"start":{"line":282,"column":20},"end":{"line":283,"column":39},"skip":true}]},"20":{"line":288,"type":"if","locations":[{"start":{"line":288,"column":8},"end":{"line":288,"column":8},"skip":true},{"start":{"line":288,"column":8},"end":{"line":288,"column":8},"skip":true}]},"21":{"line":288,"type":"binary-expr","locations":[{"start":{"line":288,"column":12},"end":{"line":288,"column":40},"skip":true},{"start":{"line":288,"column":44},"end":{"line":288,"column":67},"skip":true}]},"22":{"line":292,"type":"binary-expr","locations":[{"start":{"line":292,"column":12},"end":{"line":292,"column":50},"skip":true},{"start":{"line":293,"column":12},"end":{"line":293,"column":53},"skip":true}]},"23":{"line":297,"type":"binary-expr","locations":[{"start":{"line":297,"column":12},"end":{"line":297,"column":80},"skip":true},{"start":{"line":298,"column":12},"end":{"line":301,"column":36},"skip":true}]},"24":{"line":303,"type":"binary-expr","locations":[{"start":{"line":303,"column":43},"end":{"line":303,"column":75},"skip":true},{"start":{"line":303,"column":79},"end":{"line":303,"column":81},"skip":true}]},"25":{"line":306,"type":"if","locations":[{"start":{"line":306,"column":8},"end":{"line":306,"column":8},"skip":true},{"start":{"line":306,"column":8},"end":{"line":306,"column":8},"skip":true}]},"26":{"line":310,"type":"if","locations":[{"start":{"line":310,"column":8},"end":{"line":310,"column":8},"skip":true},{"start":{"line":310,"column":8},"end":{"line":310,"column":8},"skip":true}]},"27":{"line":313,"type":"binary-expr","locations":[{"start":{"line":313,"column":27},"end":{"line":313,"column":43},"skip":true},{"start":{"line":313,"column":47},"end":{"line":313,"column":53},"skip":true}]},"28":{"line":317,"type":"if","locations":[{"start":{"line":317,"column":12},"end":{"line":317,"column":12},"skip":true},{"start":{"line":317,"column":12},"end":{"line":317,"column":12},"skip":true}]}},"code":["/*","example.js","","quickstart example","","instruction","    1. save this script as example.js","    2. run the shell command:","        $ npm install npmtest-telegram-bot-bootstrap && PORT=8081 node example.js","    3. play with the browser-demo on http://127.0.0.1:8081","*/","","","","/* istanbul instrument in package npmtest_telegram_bot_bootstrap */","/*jslint","    bitwise: true,","    browser: true,","    maxerr: 8,","    maxlen: 96,","    node: true,","    nomen: true,","    regexp: true,","    stupid: true","*/","(function () {","    'use strict';","    var local;","","","","    // run shared js-env code - pre-init","    (function () {","        // init local","        local = {};","        // init modeJs","        local.modeJs = (function () {","            try {","                return typeof navigator.userAgent === 'string' &&","                    typeof document.querySelector('body') === 'object' &&","                    typeof XMLHttpRequest.prototype.open === 'function' &&","                    'browser';","            } catch (errorCaughtBrowser) {","                return module.exports &&","                    typeof process.versions.node === 'string' &&","                    typeof require('http').createServer === 'function' &&","                    'node';","            }","        }());","        // init global","        local.global = local.modeJs === 'browser'","            ? window","            : global;","        // init utility2_rollup","        local = local.global.utility2_rollup || (local.modeJs === 'browser'","            ? local.global.utility2_npmtest_telegram_bot_bootstrap","            : global.utility2_moduleExports);","        // export local","        local.global.local = local;","    }());","    switch (local.modeJs) {","","","","    // post-init","    // run browser js-env code - post-init","    /* istanbul ignore next */","    case 'browser':","        local.testRunBrowser = function (event) {","            if (!event || (event &&","                    event.currentTarget &&","                    event.currentTarget.className &&","                    event.currentTarget.className.includes &&","                    event.currentTarget.className.includes('onreset'))) {","                // reset output","                Array.from(","                    document.querySelectorAll('body > .resettable')","                ).forEach(function (element) {","                    switch (element.tagName) {","                    case 'INPUT':","                    case 'TEXTAREA':","                        element.value = '';","                        break;","                    default:","                        element.textContent = '';","                    }","                });","            }","            switch (event && event.currentTarget && event.currentTarget.id) {","            case 'testRunButton1':","                // show tests","                if (document.querySelector('#testReportDiv1').style.display === 'none') {","                    document.querySelector('#testReportDiv1').style.display = 'block';","                    document.querySelector('#testRunButton1').textContent =","                        'hide internal test';","                    local.modeTest = true;","                    local.testRunDefault(local);","                // hide tests","                } else {","                    document.querySelector('#testReportDiv1').style.display = 'none';","                    document.querySelector('#testRunButton1').textContent = 'run internal test';","                }","                break;","            // custom-case","            default:","                break;","            }","            if (document.querySelector('#inputTextareaEval1') && (!event || (event &&","                    event.currentTarget &&","                    event.currentTarget.className &&","                    event.currentTarget.className.includes &&","                    event.currentTarget.className.includes('oneval')))) {","                // try to eval input-code","                try {","                    /*jslint evil: true*/","                    eval(document.querySelector('#inputTextareaEval1').value);","                } catch (errorCaught) {","                    console.error(errorCaught);","                }","            }","        };","        // log stderr and stdout to #outputTextareaStdout1","        ['error', 'log'].forEach(function (key) {","            console[key + '_original'] = console[key];","            console[key] = function () {","                var element;","                console[key + '_original'].apply(console, arguments);","                element = document.querySelector('#outputTextareaStdout1');","                if (!element) {","                    return;","                }","                // append text to #outputTextareaStdout1","                element.value += Array.from(arguments).map(function (arg) {","                    return typeof arg === 'string'","                        ? arg","                        : JSON.stringify(arg, null, 4);","                }).join(' ') + '\\n';","                // scroll textarea to bottom","                element.scrollTop = element.scrollHeight;","            };","        });","        // init event-handling","        ['change', 'click', 'keyup'].forEach(function (event) {","            Array.from(document.querySelectorAll('.on' + event)).forEach(function (element) {","                element.addEventListener(event, local.testRunBrowser);","            });","        });","        // run tests","        local.testRunBrowser();","        break;","","","","    // run node js-env code - post-init","    /* istanbul ignore next */","    case 'node':","        // export local","        module.exports = local;","        // require modules","        local.fs = require('fs');","        local.http = require('http');","        local.url = require('url');","        // init assets","        local.assetsDict = local.assetsDict || {};","        /* jslint-ignore-begin */","        local.assetsDict['/assets.index.template.html'] = '\\","<!doctype html>\\n\\","<html lang=\"en\">\\n\\","<head>\\n\\","<meta charset=\"UTF-8\">\\n\\","<meta name=\"viewport\" content=\"width=device-width, initial-scale=1\">\\n\\","<title>{{env.npm_package_name}} (v{{env.npm_package_version}})</title>\\n\\","<style>\\n\\","/*csslint\\n\\","    box-sizing: false,\\n\\","    universal-selector: false\\n\\","*/\\n\\","* {\\n\\","    box-sizing: border-box;\\n\\","}\\n\\","body {\\n\\","    background: #dde;\\n\\","    font-family: Arial, Helvetica, sans-serif;\\n\\","    margin: 2rem;\\n\\","}\\n\\","body > * {\\n\\","    margin-bottom: 1rem;\\n\\","}\\n\\",".utility2FooterDiv {\\n\\","    margin-top: 20px;\\n\\","    text-align: center;\\n\\","}\\n\\","</style>\\n\\","<style>\\n\\","/*csslint\\n\\","*/\\n\\","textarea {\\n\\","    font-family: monospace;\\n\\","    height: 10rem;\\n\\","    width: 100%;\\n\\","}\\n\\","textarea[readonly] {\\n\\","    background: #ddd;\\n\\","}\\n\\","</style>\\n\\","</head>\\n\\","<body>\\n\\","<!-- utility2-comment\\n\\","<div id=\"ajaxProgressDiv1\" style=\"background: #d00; height: 2px; left: 0; margin: 0; padding: 0; position: fixed; top: 0; transition: background 0.5s, width 1.5s; width: 25%;\"></div>\\n\\","utility2-comment -->\\n\\","<h1>\\n\\","<!-- utility2-comment\\n\\","    <a\\n\\","        {{#if env.npm_package_homepage}}\\n\\","        href=\"{{env.npm_package_homepage}}\"\\n\\","        {{/if env.npm_package_homepage}}\\n\\","        target=\"_blank\"\\n\\","    >\\n\\","utility2-comment -->\\n\\","        {{env.npm_package_name}} (v{{env.npm_package_version}})\\n\\","<!-- utility2-comment\\n\\","    </a>\\n\\","utility2-comment -->\\n\\","</h1>\\n\\","<h3>{{env.npm_package_description}}</h3>\\n\\","<!-- utility2-comment\\n\\","<h4><a download href=\"assets.app.js\">download standalone app</a></h4>\\n\\","<button class=\"onclick onreset\" id=\"testRunButton1\">run internal test</button><br>\\n\\","<div id=\"testReportDiv1\" style=\"display: none;\"></div>\\n\\","utility2-comment -->\\n\\","\\n\\","\\n\\","\\n\\","<label>stderr and stdout</label>\\n\\","<textarea class=\"resettable\" id=\"outputTextareaStdout1\" readonly></textarea>\\n\\","<!-- utility2-comment\\n\\","{{#if isRollup}}\\n\\","<script src=\"assets.app.js\"></script>\\n\\","{{#unless isRollup}}\\n\\","utility2-comment -->\\n\\","<script src=\"assets.utility2.rollup.js\"></script>\\n\\","<script src=\"jsonp.utility2._stateInit?callback=window.utility2._stateInit\"></script>\\n\\","<script src=\"assets.npmtest_telegram_bot_bootstrap.rollup.js\"></script>\\n\\","<script src=\"assets.example.js\"></script>\\n\\","<script src=\"assets.test.js\"></script>\\n\\","<!-- utility2-comment\\n\\","{{/if isRollup}}\\n\\","utility2-comment -->\\n\\","<div class=\"utility2FooterDiv\">\\n\\","    [ this app was created with\\n\\","    <a href=\"https://github.com/kaizhu256/node-utility2\" target=\"_blank\">utility2</a>\\n\\","    ]\\n\\","</div>\\n\\","</body>\\n\\","</html>\\n\\","';","        /* jslint-ignore-end */","        if (local.templateRender) {","            local.assetsDict['/'] = local.templateRender(","                local.assetsDict['/assets.index.template.html'],","                {","                    env: local.objectSetDefault(local.env, {","                        npm_package_description: 'the greatest app in the world!',","                        npm_package_name: 'my-app',","                        npm_package_nameAlias: 'my_app',","                        npm_package_version: '0.0.1'","                    })","                }","            );","        } else {","            local.assetsDict['/'] = local.assetsDict['/assets.index.template.html']","                .replace((/\\{\\{env\\.(\\w+?)\\}\\}/g), function (match0, match1) {","                    // jslint-hack","                    String(match0);","                    switch (match1) {","                    case 'npm_package_description':","                        return 'the greatest app in the world!';","                    case 'npm_package_name':","                        return 'my-app';","                    case 'npm_package_nameAlias':","                        return 'my_app';","                    case 'npm_package_version':","                        return '0.0.1';","                    }","                });","        }","        // run the cli","        if (local.global.utility2_rollup || module !== require.main) {","            break;","        }","        local.assetsDict['/assets.example.js'] =","            local.assetsDict['/assets.example.js'] ||","            local.fs.readFileSync(__filename, 'utf8');","        // bug-workaround - long $npm_package_buildCustomOrg","        /* jslint-ignore-begin */","        local.assetsDict['/assets.npmtest_telegram_bot_bootstrap.rollup.js'] =","            local.assetsDict['/assets.npmtest_telegram_bot_bootstrap.rollup.js'] ||","            local.fs.readFileSync(","                local.npmtest_telegram_bot_bootstrap.__dirname + '/lib.npmtest_telegram_bot_bootstrap.js',","                'utf8'","            ).replace((/^#!/), '//');","        /* jslint-ignore-end */","        local.assetsDict['/favicon.ico'] = local.assetsDict['/favicon.ico'] || '';","        // if $npm_config_timeout_exit exists,","        // then exit this process after $npm_config_timeout_exit ms","        if (Number(process.env.npm_config_timeout_exit)) {","            setTimeout(process.exit, Number(process.env.npm_config_timeout_exit));","        }","        // start server","        if (local.global.utility2_serverHttp1) {","            break;","        }","        process.env.PORT = process.env.PORT || '8081';","        console.error('server starting on port ' + process.env.PORT);","        local.http.createServer(function (request, response) {","            request.urlParsed = local.url.parse(request.url);","            if (local.assetsDict[request.urlParsed.pathname] !== undefined) {","                response.end(local.assetsDict[request.urlParsed.pathname]);","                return;","            }","            response.statusCode = 404;","            response.end();","        }).listen(process.env.PORT);","        break;","    }","}());",""],"l":{"26":2,"28":2,"33":2,"35":2,"37":2,"38":2,"39":2,"44":1,"51":2,"55":2,"59":2,"61":2,"69":1,"70":2,"76":2,"79":2,"82":2,"83":2,"85":1,"89":2,"92":1,"93":1,"94":1,"96":1,"97":1,"100":1,"101":1,"103":1,"106":1,"108":2,"114":1,"116":1,"118":1,"123":1,"124":2,"125":2,"126":3,"127":3,"128":3,"129":3,"130":1,"133":3,"134":3,"139":3,"143":1,"144":3,"145":1,"149":1,"150":1,"158":1,"160":1,"161":1,"162":1,"164":1,"166":1,"258":1,"259":1,"271":1,"274":6,"275":6,"277":1,"279":2,"281":1,"283":2,"288":1,"289":1,"291":1,"296":1,"303":1,"306":1,"307":1,"310":1,"311":1,"313":1,"314":1,"315":1,"316":1,"317":1,"318":1,"319":1,"321":1,"322":1,"324":1}},"/home/travis/build/npmtest/node-npmtest-telegram-bot-bootstrap/node_modules/telegram-bot-bootstrap/API.js":{"path":"/home/travis/build/npmtest/node-npmtest-telegram-bot-bootstrap/node_modules/telegram-bot-bootstrap/API.js","s":{"1":1,"2":1,"3":1,"4":1,"5":0,"6":0,"7":0,"8":0,"9":0,"10":0,"11":0,"12":0,"13":0,"14":0,"15":0,"16":0,"17":0,"18":0,"19":0,"20":0,"21":0,"22":0,"23":0,"24":0,"25":1,"26":0,"27":0,"28":1,"29":0,"30":0,"31":1,"32":0,"33":1,"34":0,"35":0,"36":1,"37":0,"38":0,"39":1,"40":0,"41":0,"42":1,"43":0,"44":0,"45":1,"46":0,"47":0,"48":1,"49":0,"50":0,"51":1,"52":0,"53":0,"54":1,"55":0,"56":0,"57":1,"58":0,"59":0,"60":1,"61":0,"62":0,"63":1,"64":1},"b":{"1":[0,0],"2":[0,0],"3":[0,0],"4":[0,0],"5":[0,0],"6":[0,0],"7":[0,0],"8":[0,0],"9":[0,0],"10":[0,0],"11":[0,0],"12":[0,0],"13":[0,0],"14":[0,0],"15":[0,0],"16":[0,0],"17":[0,0]},"f":{"1":0,"2":0,"3":0,"4":0,"5":0,"6":0,"7":0,"8":0,"9":0,"10":0,"11":0,"12":0,"13":0,"14":0,"15":0,"16":0,"17":0,"18":0},"fnMap":{"1":{"name":"(anonymous_1)","line":39,"loc":{"start":{"line":39,"column":10},"end":{"line":39,"column":26}}},"2":{"name":"(anonymous_2)","line":62,"loc":{"start":{"line":62,"column":24},"end":{"line":62,"column":39}}},"3":{"name":"(anonymous_3)","line":71,"loc":{"start":{"line":71,"column":21},"end":{"line":71,"column":35}}},"4":{"name":"(anonymous_4)","line":97,"loc":{"start":{"line":97,"column":18},"end":{"line":97,"column":60}}},"5":{"name":"(anonymous_5)","line":146,"loc":{"start":{"line":146,"column":27},"end":{"line":146,"column":59}}},"6":{"name":"(anonymous_6)","line":168,"loc":{"start":{"line":168,"column":27},"end":{"line":168,"column":43}}},"7":{"name":"(anonymous_7)","line":182,"loc":{"start":{"line":182,"column":22},"end":{"line":182,"column":33}}},"8":{"name":"(anonymous_8)","line":214,"loc":{"start":{"line":214,"column":28},"end":{"line":214,"column":111}}},"9":{"name":"(anonymous_9)","line":240,"loc":{"start":{"line":240,"column":31},"end":{"line":240,"column":73}}},"10":{"name":"(anonymous_10)","line":266,"loc":{"start":{"line":266,"column":26},"end":{"line":266,"column":93}}},"11":{"name":"(anonymous_11)","line":289,"loc":{"start":{"line":289,"column":26},"end":{"line":289,"column":84}}},"12":{"name":"(anonymous_12)","line":311,"loc":{"start":{"line":311,"column":29},"end":{"line":311,"column":90}}},"13":{"name":"(anonymous_13)","line":333,"loc":{"start":{"line":333,"column":28},"end":{"line":333,"column":88}}},"14":{"name":"(anonymous_14)","line":355,"loc":{"start":{"line":355,"column":26},"end":{"line":355,"column":84}}},"15":{"name":"(anonymous_15)","line":378,"loc":{"start":{"line":378,"column":29},"end":{"line":378,"column":101}}},"16":{"name":"(anonymous_16)","line":399,"loc":{"start":{"line":399,"column":31},"end":{"line":399,"column":55}}},"17":{"name":"(anonymous_17)","line":418,"loc":{"start":{"line":418,"column":37},"end":{"line":418,"column":68}}},"18":{"name":"handle","line":447,"loc":{"start":{"line":447,"column":0},"end":{"line":447,"column":26}}}},"statementMap":{"1":{"start":{"line":2,"column":0},"end":{"line":2,"column":26}},"2":{"start":{"line":3,"column":0},"end":{"line":3,"column":23}},"3":{"start":{"line":6,"column":0},"end":{"line":6,"column":36}},"4":{"start":{"line":39,"column":0},"end":{"line":120,"column":1}},"5":{"start":{"line":40,"column":4},"end":{"line":40,"column":23}},"6":{"start":{"line":41,"column":4},"end":{"line":41,"column":63}},"7":{"start":{"line":44,"column":4},"end":{"line":47,"column":6}},"8":{"start":{"line":50,"column":4},"end":{"line":55,"column":6}},"9":{"start":{"line":62,"column":4},"end":{"line":66,"column":5}},"10":{"start":{"line":64,"column":8},"end":{"line":64,"column":61}},"11":{"start":{"line":71,"column":4},"end":{"line":79,"column":5}},"12":{"start":{"line":75,"column":8},"end":{"line":77,"column":29}},"13":{"start":{"line":78,"column":8},"end":{"line":78,"column":40}},"14":{"start":{"line":78,"column":29},"end":{"line":78,"column":40}},"15":{"start":{"line":82,"column":4},"end":{"line":82,"column":19}},"16":{"start":{"line":97,"column":4},"end":{"line":115,"column":5}},"17":{"start":{"line":98,"column":8},"end":{"line":103,"column":11}},"18":{"start":{"line":104,"column":8},"end":{"line":106,"column":10}},"19":{"start":{"line":107,"column":8},"end":{"line":109,"column":10}},"20":{"start":{"line":107,"column":22},"end":{"line":109,"column":10}},"21":{"start":{"line":110,"column":8},"end":{"line":112,"column":11}},"22":{"start":{"line":110,"column":24},"end":{"line":112,"column":11}},"23":{"start":{"line":114,"column":8},"end":{"line":114,"column":19}},"24":{"start":{"line":118,"column":4},"end":{"line":118,"column":47}},"25":{"start":{"line":146,"column":0},"end":{"line":154,"column":1}},"26":{"start":{"line":147,"column":4},"end":{"line":152,"column":10}},"27":{"start":{"line":153,"column":4},"end":{"line":153,"column":45}},"28":{"start":{"line":168,"column":0},"end":{"line":174,"column":1}},"29":{"start":{"line":169,"column":4},"end":{"line":172,"column":10}},"30":{"start":{"line":173,"column":4},"end":{"line":173,"column":46}},"31":{"start":{"line":182,"column":0},"end":{"line":184,"column":1}},"32":{"start":{"line":183,"column":4},"end":{"line":183,"column":32}},"33":{"start":{"line":214,"column":0},"end":{"line":224,"column":1}},"34":{"start":{"line":215,"column":4},"end":{"line":222,"column":10}},"35":{"start":{"line":223,"column":4},"end":{"line":223,"column":47}},"36":{"start":{"line":240,"column":0},"end":{"line":248,"column":1}},"37":{"start":{"line":241,"column":4},"end":{"line":246,"column":10}},"38":{"start":{"line":247,"column":4},"end":{"line":247,"column":50}},"39":{"start":{"line":266,"column":0},"end":{"line":276,"column":1}},"40":{"start":{"line":267,"column":4},"end":{"line":274,"column":10}},"41":{"start":{"line":275,"column":4},"end":{"line":275,"column":45}},"42":{"start":{"line":289,"column":0},"end":{"line":298,"column":1}},"43":{"start":{"line":290,"column":4},"end":{"line":296,"column":10}},"44":{"start":{"line":297,"column":4},"end":{"line":297,"column":45}},"45":{"start":{"line":311,"column":0},"end":{"line":320,"column":1}},"46":{"start":{"line":312,"column":4},"end":{"line":318,"column":10}},"47":{"start":{"line":319,"column":4},"end":{"line":319,"column":48}},"48":{"start":{"line":333,"column":0},"end":{"line":342,"column":1}},"49":{"start":{"line":334,"column":4},"end":{"line":340,"column":10}},"50":{"start":{"line":341,"column":4},"end":{"line":341,"column":47}},"51":{"start":{"line":355,"column":0},"end":{"line":364,"column":1}},"52":{"start":{"line":356,"column":4},"end":{"line":362,"column":10}},"53":{"start":{"line":363,"column":4},"end":{"line":363,"column":45}},"54":{"start":{"line":378,"column":0},"end":{"line":388,"column":1}},"55":{"start":{"line":379,"column":4},"end":{"line":386,"column":10}},"56":{"start":{"line":387,"column":4},"end":{"line":387,"column":48}},"57":{"start":{"line":399,"column":0},"end":{"line":406,"column":1}},"58":{"start":{"line":400,"column":4},"end":{"line":404,"column":10}},"59":{"start":{"line":405,"column":4},"end":{"line":405,"column":50}},"60":{"start":{"line":418,"column":0},"end":{"line":426,"column":1}},"61":{"start":{"line":419,"column":4},"end":{"line":424,"column":10}},"62":{"start":{"line":425,"column":4},"end":{"line":425,"column":56}},"63":{"start":{"line":447,"column":0},"end":{"line":448,"column":1}},"64":{"start":{"line":452,"column":0},"end":{"line":452,"column":21}}},"branchMap":{"1":{"line":64,"type":"cond-expr","locations":[{"start":{"line":64,"column":33},"end":{"line":64,"column":53}},{"start":{"line":64,"column":56},"end":{"line":64,"column":60}}]},"2":{"line":78,"type":"if","locations":[{"start":{"line":78,"column":8},"end":{"line":78,"column":8}},{"start":{"line":78,"column":8},"end":{"line":78,"column":8}}]},"3":{"line":107,"type":"if","locations":[{"start":{"line":107,"column":8},"end":{"line":107,"column":8}},{"start":{"line":107,"column":8},"end":{"line":107,"column":8}}]},"4":{"line":110,"type":"if","locations":[{"start":{"line":110,"column":8},"end":{"line":110,"column":8}},{"start":{"line":110,"column":8},"end":{"line":110,"column":8}}]},"5":{"line":147,"type":"cond-expr","locations":[{"start":{"line":148,"column":8},"end":{"line":148,"column":13}},{"start":{"line":148,"column":16},"end":{"line":152,"column":9}}]},"6":{"line":169,"type":"cond-expr","locations":[{"start":{"line":170,"column":8},"end":{"line":170,"column":13}},{"start":{"line":170,"column":16},"end":{"line":172,"column":9}}]},"7":{"line":215,"type":"cond-expr","locations":[{"start":{"line":216,"column":8},"end":{"line":216,"column":13}},{"start":{"line":216,"column":16},"end":{"line":222,"column":9}}]},"8":{"line":218,"type":"binary-expr","locations":[{"start":{"line":218,"column":18},"end":{"line":218,"column":22}},{"start":{"line":218,"column":26},"end":{"line":218,"column":76}}]},"9":{"line":241,"type":"cond-expr","locations":[{"start":{"line":242,"column":8},"end":{"line":242,"column":13}},{"start":{"line":242,"column":16},"end":{"line":246,"column":9}}]},"10":{"line":267,"type":"cond-expr","locations":[{"start":{"line":268,"column":8},"end":{"line":268,"column":13}},{"start":{"line":268,"column":16},"end":{"line":274,"column":9}}]},"11":{"line":290,"type":"cond-expr","locations":[{"start":{"line":291,"column":8},"end":{"line":291,"column":13}},{"start":{"line":291,"column":16},"end":{"line":296,"column":9}}]},"12":{"line":312,"type":"cond-expr","locations":[{"start":{"line":313,"column":8},"end":{"line":313,"column":13}},{"start":{"line":313,"column":16},"end":{"line":318,"column":9}}]},"13":{"line":334,"type":"cond-expr","locations":[{"start":{"line":335,"column":8},"end":{"line":335,"column":13}},{"start":{"line":335,"column":16},"end":{"line":340,"column":9}}]},"14":{"line":356,"type":"cond-expr","locations":[{"start":{"line":357,"column":8},"end":{"line":357,"column":13}},{"start":{"line":357,"column":16},"end":{"line":362,"column":9}}]},"15":{"line":379,"type":"cond-expr","locations":[{"start":{"line":380,"column":8},"end":{"line":380,"column":13}},{"start":{"line":380,"column":16},"end":{"line":386,"column":9}}]},"16":{"line":400,"type":"cond-expr","locations":[{"start":{"line":401,"column":8},"end":{"line":401,"column":13}},{"start":{"line":401,"column":16},"end":{"line":404,"column":9}}]},"17":{"line":419,"type":"cond-expr","locations":[{"start":{"line":420,"column":8},"end":{"line":420,"column":13}},{"start":{"line":420,"column":16},"end":{"line":424,"column":9}}]}},"code":["// dependencies","var _ = require('lomath');","var fs = require('fs');","","// imports","var req = require('reqscraper').req;","","// The API object prototype","/**"," * The API bot constructor."," * "," * @category Telegram API"," * @param {string} token Your Telegram bot token."," * @returns {Bot} The bot able to call methods."," *"," * @example"," * "," * var fs = require('fs');"," * var bot = require('telegram-bot-bootstrap');"," * var Alice = new bot(your_bot_token);"," * "," * Alice.sendMessage(user_chat_id, 'Hey wanna see some cool art?');"," * "," * Alice.sendPhoto(user_chat_id, fs.createReadStream(__dirname+'/alexiuss.jpg'),  * 'Chronoscape by Alexiuss').then(console.log)"," * "," * var kb = {"," *         keyboard: ["," *             ['one'],"," *             ['two', 'three'],"," *             ['four', 'five', 'six']"," *         ],"," *         one_time_keyboard: true"," *     };"," * Alice.sendMessage(user_chat_id, \"Choose a lucky number\", undefined, undefined,  * kb)"," * "," * // → The messages and photos are sent to user."," * "," */","var API = function(token) {","    this.token = token;","    this.baseUrl = 'https://api.telegram.org/bot' + this.token;","","    // A sample Telegram bot JSON data, for req options","    this.formData = {","        chat_id: \"87654321\",","        text: \"Hello there\"","    };","","    // template options for req the Telegram Bot API","    this.baseoptions = {","        method: 'POST',","        baseUrl: this.baseUrl,","        url: \"sendMessage\",","        formData: this.formData","    };","","    ///////////////////////////////","    // Internal, private methods //","    ///////////////////////////////","","    // Convert an data to format proper for HTTP methods","    this.toHTTPProper = function(data) {","        // currently serialize Array now, leave stream/string","        return _.isArray(data) ? JSON.stringify(data) : data;","        // return data;","    }","","    // serialize a whole object proper for HTTP methods","    // discard key-value pair if value is undefined","    // only returns non-empty JSON","    this.serialize = function(obj) {","        // var ser = _.omit(","        //     _.mapValues(_.flattenJSON(obj), this.toHTTPProper)","        //     , _.isUndefined);","        var ser = _.omit(","            _.mapValues(obj, this.toHTTPProper)","            , _.isUndefined);","        if (!_.isEmpty(ser)) return ser;","    }","","    // properly set req as its method","    this.req = req;","","    // Extends the options for req for the Telegram Bot.","    // @param  {string} botMethod Telegram bot API method.","    // @param  {JSON} JSONdata A JSON object with the required fields (see API).","    // @param  {string} [HTTPMethod=POST] Optionally change method if need to.","    // @returns {JSON} option The extended option.","    // ","    // @example","    // extOpt('sendMessage', {chat_id: 123456, text: 'hello world'})","    // → {","    // method: 'POST',","    // baseUrl: 'https://api.telegram.org/bot...',","    // url: 'sendMessage',","    // formData: {chat_id: 123456, text: 'hello world'} }","    this.extOpt = function(botMethod, JSONdata, HTTPMethod) {","        var opt = _.clone({","            method: 'POST',","            baseUrl: this.baseUrl,","            url: \"sendMessage\",","            formData: this.formData","        });","        _.assign(opt, {","            url: botMethod","        })","        if (JSONdata) _.assign(opt, {","            formData: this.serialize(JSONdata)","        })","        if (HTTPMethod) _.assign(opt, {","            botMethod: HTTPMethod","        });","","        return opt;","    }","","    // shorthand composition: bot's HTTP request","    this.reqBot = _.flow(this.extOpt, this.req)","","}","","","//////////////////////////","// Telegram API methods //","//////////////////////////","// All the methods below return a promise form the `q` library (see https://github.com/kriskowal/q) for chaining, thus can be called by: samplemethod().then(handlerfunction).then(handler2)","// You can:","// pass a single JSON object as the 'first' argument (see the Telegram API), or","// pass multiple parameters in the order listed on Telegram bot API page; the 'first' is always the 'chat_id' in this case.","// Note that the response from the HTTP call is always a string (we denote as HTTPres for clarity), thus you might wish to JSON.parse it.","","/**"," * Use this method to receive incoming updates using long polling (wiki)."," * "," * @category Telegram API"," * @param {JSON|integer} [first|offset] An optional JSON object with the parameters, or the offset integer"," * @param {integer} [limit]"," * @param {integer} [timeout]"," * @returns {string} HTTPres An Array of Update objects is returned."," *"," * @example"," * Alice.getUpdates().then(console.log)"," * // → {\"ok\":true,\"result\":[{\"update_id\":1234567, \"message\":{\"message_id\":1,\"from\":{\"id\":87654321, ...}}]"," * "," */","API.prototype.getUpdates = function(first, limit, timeout) {","    var options = _.isObject(first) ?","        first : {","            offset: first,","            limit: limit,","            timeout: timeout","        };","    return this.reqBot('getUpdates', options)","}","","/**"," * Use this method to specify a url and receive incoming updates via an outgoing webhook. Whenever there is an update for the bot, we will send an HTTPS POST request to the specified url, containing a JSON-serialized Update. In case of an unsuccessful request, we will give up after a reasonable amount of attempts."," * "," * @category Telegram API"," * @param {string} url A JSON object with the parameters, or the HTTPS url to send updates to. Use an empty string to remove webhook integration."," * @returns {string} HTTPres An Array of Update objects is returned."," *"," * @xample"," * setWebhook('') // empty string to unset webhook"," *"," * setWebhook('http://yoururl.com') // to set webhook"," */","API.prototype.setWebhook = function(first) {","    var options = _.isObject(first) ?","        first : {","            url: first","        };","    return this.reqBot('setWebhook', options);","}","","/**"," * A simple method for testing your bot's auth token. Requires no parameters."," * "," * @category Telegram API"," * @returns {string} HTTPres Basic information about the bot in form of a User object."," */","API.prototype.getMe = function() {","    return this.reqBot('getMe');","}","","/**"," * Use this method to send text messages. "," * "," * @category Telegram API"," * @param {JSON|integer} first Your own JSON object, or chat_id: Unique identifier for the message recipient — User or GroupChat id."," * @param {string} text Text of the message to be sent."," * @param {boolean} [disable_web_page_preview] Disables link previews for links in this message."," * @param {integer} [reply_to_message_id] If the message is a reply, ID of the original message."," * @param {KeyboardMarkup} [reply_markup] Additional interface options. A JSON object (don't worry about serializing; it's handled) for a custom reply keyboard, instructions to hide keyboard or to force a reply from the user."," * @returns {string} HTTPres On success, the sent Message is returned."," *"," * @example"," * Alice.sendMessage({chat_id: 87654321, text: 'hello world'})"," * Alice.sendMessage(87654321, 'hello world') // equivalent, cleaner"," * // → 'hello world' is sent to the user with the id."," *"," * // var kb = {"," * //     keyboard: ["," * //         ['one'],"," * //         ['two', 'three'],"," * //         ['four', 'five', 'six']"," * //     ],"," * //     one_time_keyboard: true"," * // };"," * Alice.sendMessage(87654321, \"Choose a lucky number\", undefined, undefined, kb)"," * // → 'Choose a lucky number' is sent, with custom reply keyboard"," * "," */","API.prototype.sendMessage = function(first, text, disable_web_page_preview, reply_to_message_id, reply_markup) {","    var options = _.isObject(first) ?","        first : {","            chat_id: first,","            text: text || 'null-guarded; Your method is sending empty text.',","            disable_web_page_preview: disable_web_page_preview,","            reply_to_message_id: reply_to_message_id,","            reply_markup: JSON.stringify(reply_markup)","        };","    return this.reqBot('sendMessage', options);","}","","/**"," * Use this method to forward messages of any kind. "," * "," * @category Telegram API"," * @param {JSON|integer} first Your own JSON object, or chat_id: Unique identifier for the message recipient — User or GroupChat id."," * @param {integer} from_chat_id Unique identifier for the chat where the original message was sent — User or GroupChat id."," * @param {integer} message_id Unique message identifier"," * @returns {string} HTTPres On success, the sent Message is returned."," *"," * @example"," * Alice.forwardMessage(87654321, 12345678, 87654356)"," * // → Message is forwarded"," * "," */","API.prototype.forwardMessage = function(first, from_chat_id, message_id) {","    var options = _.isObject(first) ?","        first : {","            chat_id: first,","            from_chat_id: from_chat_id,","            message_id: message_id","        };","    return this.reqBot('forwardMessage', options);","}","","/**"," * Use this method to send photos."," * "," * @category Telegram API"," * @param {JSON|integer} first Your own JSON object, or chat_id: Unique identifier for the message recipient — User or GroupChat id."," * @param {inputFile|string} photo Photo to send. You can either pass a file_id as String to resend a photo that is already on the Telegram servers, or upload a new photo using multipart/form-data."," * @param {string} [caption]"," * @param {integer} [reply_to_message_id] If the message is a reply, ID of the original message."," * @param {KeyboardMarkup} [reply_markup] Additional interface options. A JSON object (don't worry about serializing; it's handled) for a custom reply keyboard, instructions to hide keyboard or to force a reply from the user."," * @returns {string} HTTPres On success, the sent Message is returned."," *"," * @example"," * Alice.sendMessage(87654321, fs.createReadStream('localpath/to/photo.jpg'), 'cool caption')"," * // → The photo on local system is sent to the id."," * "," */","API.prototype.sendPhoto = function(first, photo, caption, reply_to_message_id, reply_markup) {","    var options = _.isObject(first) ?","        first : {","            chat_id: first,","            photo: photo,","            caption: caption,","            reply_to_message_id: reply_to_message_id,","            reply_markup: JSON.stringify(reply_markup)","        };","    return this.reqBot('sendPhoto', options);","}","","/**"," * Use this method to send audio files, if you want Telegram clients to display the file as a playable voice message. For this to work, your audio must be in an .ogg file encoded with OPUS (other formats may be sent as Document). On success, the sent Message is returned. Bots can currently send audio files of up to 50 MB in size, this limit may be changed in the future."," * "," * @category Telegram API"," * @param {JSON|integer} first Your own JSON object, or chat_id: Unique identifier for the message recipient — User or GroupChat id."," * @param {inputFile|string} audio Audio file to send. You can either pass a file_id as String to resend an audio that is already on the Telegram servers, or upload a new audio file using multipart/form-data."," * @param {integer} [reply_to_message_id] If the message is a reply, ID of the original message."," * @param {KeyboardMarkup} [reply_markup] Additional interface options. A JSON object (don't worry about serializing; it's handled) for a custom reply keyboard, instructions to hide keyboard or to force a reply from the user."," * @returns {string} HTTPres On success, the sent Message is returned."," * "," */","API.prototype.sendAudio = function(first, audio, reply_to_message_id, reply_markup) {","    var options = _.isObject(first) ?","        first : {","            chat_id: first,","            audio: audio,","            reply_to_message_id: reply_to_message_id,","            reply_markup: JSON.stringify(reply_markup)","        };","    return this.reqBot('sendAudio', options);","}","","/**"," * Use this method to send general files. On success, the sent Message is returned. Bots can currently send files of any type of up to 50 MB in size, this limit may be changed in the future."," * "," * @category Telegram API"," * @param {JSON|integer} first Your own JSON object, or chat_id: Unique identifier for the message recipient — User or GroupChat id."," * @param {inputFile|string} document File to send. You can either pass a file_id as String to resend a file that is already on the Telegram servers, or upload a new file using multipart/form-data."," * @param {integer} [reply_to_message_id] If the message is a reply, ID of the original message."," * @param {KeyboardMarkup} [reply_markup] Additional interface options. A JSON object (don't worry about serializing; it's handled) for a custom reply keyboard, instructions to hide keyboard or to force a reply from the user."," * @returns {string} HTTPres On success, the sent Message is returned."," * "," */","API.prototype.sendDocument = function(first, document, reply_to_message_id, reply_markup) {","    var options = _.isObject(first) ?","        first : {","            chat_id: first,","            document: document,","            reply_to_message_id: reply_to_message_id,","            reply_markup: JSON.stringify(reply_markup)","        };","    return this.reqBot('sendDocument', options);","}","","/**"," * Use this method to send .webp stickers."," * "," * @category Telegram API"," * @param {JSON|integer} first Your own JSON object, or chat_id: Unique identifier for the message recipient — User or GroupChat id."," * @param {inputFile|string} sticker Sticker to send. You can either pass a file_id as String to resend a sticker that is already on the Telegram servers, or upload a new sticker using multipart/form-data."," * @param {integer} [reply_to_message_id] If the message is a reply, ID of the original message."," * @param {KeyboardMarkup} [reply_markup] Additional interface options. A JSON object (don't worry about serializing; it's handled) for a custom reply keyboard, instructions to hide keyboard or to force a reply from the user."," * @returns {string} HTTPres On success, the sent Message is returned."," * "," */","API.prototype.sendSticker = function(first, sticker, reply_to_message_id, reply_markup) {","    var options = _.isObject(first) ?","        first : {","            chat_id: first,","            sticker: sticker,","            reply_to_message_id: reply_to_message_id,","            reply_markup: JSON.stringify(reply_markup)","        };","    return this.reqBot('sendSticker', options);","}","","/**"," * Use this method to send video files, Telegram clients support mp4 videos (other formats may be sent as Document). On success, the sent Message is returned. Bots can currently send video files of up to 50 MB in size, this limit may be changed in the future."," * "," * @category Telegram API"," * @param {JSON|integer} first Your own JSON object, or chat_id: Unique identifier for the message recipient — User or GroupChat id."," * @param {inputFile|string} video Video to send. You can either pass a file_id as String to resend a video that is already on the Telegram servers, or upload a new video file using multipart/form-data."," * @param {integer} [reply_to_message_id] If the message is a reply, ID of the original message."," * @param {KeyboardMarkup} [reply_markup] Additional interface options. A JSON object (don't worry about serializing; it's handled) for a custom reply keyboard, instructions to hide keyboard or to force a reply from the user."," * @returns {string} HTTPres On success, the sent Message is returned."," * "," */","API.prototype.sendVideo = function(first, video, reply_to_message_id, reply_markup) {","    var options = _.isObject(first) ?","        first : {","            chat_id: first,","            video: video,","            reply_to_message_id: reply_to_message_id,","            reply_markup: JSON.stringify(reply_markup)","        };","    return this.reqBot('sendVideo', options);","}","","/**"," * Use this method to send point on the map."," * "," * @category Telegram API"," * @param {JSON|integer} first Your own JSON object, or chat_id: Unique identifier for the message recipient — User or GroupChat id."," * @param {number} latitude Latitude of location"," * @param {number} longitude Longitude of location"," * @param {integer} [reply_to_message_id] If the message is a reply, ID of the original message."," * @param {KeyboardMarkup} [reply_markup] Additional interface options. A JSON object (don't worry about serializing; it's handled) for a custom reply keyboard, instructions to hide keyboard or to force a reply from the user."," * @returns {string} HTTPres On success, the sent Message is returned."," * "," */","API.prototype.sendLocation = function(first, latitude, longitude, reply_to_message_id, reply_markup) {","    var options = _.isObject(first) ?","        first : {","            chat_id: first,","            longitude: longitude,","            latitude: latitude,","            reply_to_message_id: reply_to_message_id,","            reply_markup: JSON.stringify(reply_markup)","        };","    return this.reqBot('sendLocation', options);","}","","/**"," * Use this method when you need to tell the user that something is happening on the bot's side. The status is set for 5 seconds or less (when a message arrives from your bot, Telegram clients clear its typing status)."," * "," * @category Telegram API"," * @param {JSON|integer} first Your own JSON object, or chat_id: Unique identifier for the message recipient — User or GroupChat id.."," * @param {string} action Type of action to broadcast. Choose one, depending on what the user is about to receive: typing for text messages, upload_photo for photos, record_video or upload_video for videos, record_audio or upload_audio for audio files, upload_document for general files, find_location for location data."," * @returns {string} HTTPres On success, the sent Message is returned."," * "," */","API.prototype.sendChatAction = function(first, action) {","    var options = _.isObject(first) ?","        first : {","            chat_id: first,","            action: action","        };","    return this.reqBot('sendChatAction', options);","}","","/**"," * Use this method to get a list of profile pictures for a user."," * "," * @category Telegram API"," * @param {JSON|integer} first Your own JSON object, or user_id: Unique identifier of the target user."," * @param {integer} [offset] Sequential number of the first photo to be returned. By default, all photos are returned."," * @param {integer} [limit] Limits the number of photos to be retrieved. Values between 1—100 are accepted. Defaults to 100."," * @returns {string} HTTPres Returns a UserProfilePhotos object."," * "," */","API.prototype.getUserProfilePhotos = function(first, offset, limit) {","    var options = _.isObject(first) ?","        first : {","            user_id: first,","            offset: offset,","            limit: limit","        };","    return this.reqBot('getUserProfilePhotos', options);","}","","/**"," * Handles a Telegram Update object sent from the server. Extend this method for your bot."," * "," * @category Bot"," * @param {Object} req The incoming HTTP request."," * @param {Object} res The HTTP response in return."," * @returns {Promise} promise A promise returned from calling Telegram API method(s) for chaining."," *"," * @example"," * var bot1 = new bot('yourtokenhere');"," * ...express server setup"," * app.route('/')"," * // robot API as middleware"," * .post(function(req, res) {"," *     bot1.handle(req, res)"," * })"," * // Then bot will handle the incoming Update from you, routed from Telegram!"," * "," */","function handle(req, res) {","}","","","// export constructor","module.exports = API;",""],"l":{"2":1,"3":1,"6":1,"39":1,"40":0,"41":0,"44":0,"50":0,"62":0,"64":0,"71":0,"75":0,"78":0,"82":0,"97":0,"98":0,"104":0,"107":0,"110":0,"114":0,"118":0,"146":1,"147":0,"153":0,"168":1,"169":0,"173":0,"182":1,"183":0,"214":1,"215":0,"223":0,"240":1,"241":0,"247":0,"266":1,"267":0,"275":0,"289":1,"290":0,"297":0,"311":1,"312":0,"319":0,"333":1,"334":0,"341":0,"355":1,"356":0,"363":0,"378":1,"379":0,"387":0,"399":1,"400":0,"405":0,"418":1,"419":0,"425":0,"447":1,"452":1}},"/home/travis/build/npmtest/node-npmtest-telegram-bot-bootstrap/node_modules/telegram-bot-bootstrap/bot.js":{"path":"/home/travis/build/npmtest/node-npmtest-telegram-bot-bootstrap/node_modules/telegram-bot-bootstrap/bot.js","s":{},"b":{},"f":{},"fnMap":{},"statementMap":{},"branchMap":{},"code":["/////////////////////////////////////////","// Safety: Uncomment everything to use //","/////////////////////////////////////////","","// // dependencies","// var _ = require('lomath');","","// // API as superclass that bot inherits methods from","// var API = require(__dirname + '/API.js')","","// // The bot object prototype","// // bot extends and inherits methods of API","// var bot = function(token, webhookUrl) {","//     API.apply(this, arguments);","//     // set webhook on construction: override the old webhook","//     this.setWebhook(webhookUrl || '');","","// }","","// // set prototype to API","// bot.prototype = API.prototype;","// // set constructor back to bot","// bot.prototype.constructor = bot;","","","/**"," * Handles a Telegram Update object sent from the server. Extend this method for your bot."," * "," * @category Bot"," * @param {Object} req The incoming HTTP request."," * @param {Object} res The HTTP response in return."," * @returns {Promise} promise A promise returned from calling Telegram API method(s) for chaining."," *"," * @example"," * var bot1 = new bot('yourtokenhere');"," * ...express server setup"," * app.route('/')"," * // robot API as middleware"," * .post(function(req, res) {"," *     bot1.handle(req, res)"," * })"," * // Then bot will handle the incoming Update from you, routed from Telegram!"," * "," */","// bot.prototype.handle = function(req, res) {","//     // the Telegram Update object. Useful shits","//     var Update = req.body,","//         // the telegram Message object","//         Message = Update.message,","//         // the user who sent it","//         user_id = Message.from.id,","//         // id of the chat(room)","//         chat_id = Message.chat.id;","","//     ////////////////////////","//     // Extend from here:  //","//     ////////////////////////","//     // you may call the methods from API.js, which are all inherited by this bot class","    ","//     // echo","//     this.sendMessage(chat_id, \"you said: \" + Message.text);","","// }","","// export the bot class","// module.exports = bot;","","// sample keyboard","// var kb = {","//     keyboard: [","//         ['one', 'two'],","//         ['three'],","//         ['four']","//     ],","//     one_time_keyboard: true","// }",""],"l":{}},"/home/travis/build/npmtest/node-npmtest-telegram-bot-bootstrap/node_modules/telegram-bot-bootstrap/testbot.js":{"path":"/home/travis/build/npmtest/node-npmtest-telegram-bot-bootstrap/node_modules/telegram-bot-bootstrap/testbot.js","s":{"1":1,"2":1,"3":1,"4":1,"5":1},"b":{},"f":{},"fnMap":{},"statementMap":{"1":{"start":{"line":2,"column":0},"end":{"line":2,"column":25}},"2":{"start":{"line":3,"column":0},"end":{"line":3,"column":36}},"3":{"start":{"line":4,"column":0},"end":{"line":4,"column":22}},"4":{"start":{"line":7,"column":0},"end":{"line":7,"column":23}},"5":{"start":{"line":38,"column":0},"end":{"line":62,"column":1}}},"branchMap":{},"code":["// dependencies","var _ = require('lomath')","var scraper = require('reqscraper');","var req = scraper.req;","","// Test bot","var fs = require('fs');","// var bot = require(__dirname+'/API.js');","","// var Alice = new bot('your-bot-token');","","// get your chat_id from here","// Alice.getUpdates().then(console.log)","","// try sending a message, and log the HTTP call for confirmation","// Alice.sendMessage('your-chat-id', 'Hey wanna see some cool art?').then(console.log);","","// Alice.sendPhoto('your-chat-id', fs.createReadStream(__dirname+'/alexiuss.jpg'), 'Chronoscape by Alexiuss').then(console.log)","","","// var kb = {","//         keyboard: [","//             ['one'],","//             ['two', 'three'],","//             ['four', 'five', 'six']","//         ],","//         one_time_keyboard: true","//     };","// Alice.sendMessage('your-chat-id', \"Choose a lucky number\", undefined, undefined, kb)","","","","","","","","// A test bot (req) to send sample message to the main bot","var testopt = {","    method: 'POST',","    url: 'http://localhost:8443',","    formData: _.flattenJSON({","        \"update_id\": 734575200,","        \"message\": {","            \"message_id\": 14,","            \"from\": {","                \"id\": 86953862,","                \"first_name\": \"your name\",","                \"last_name\": \"your lastname\",","                \"username\": \"your username\",","            },","            \"chat\": {","                \"id\": 86953862,","                \"first_name\": \"your name\",","                \"last_name\": \"your lastname\",","                \"username\": \"your username\",","            },","            ","            \"date\": 1435524670,","            \"text\": \"\\/td aapl,goog\"","        }","    })","}","","// send test call","// req(testopt).then(console.log)"],"l":{"2":1,"3":1,"4":1,"7":1,"38":1}},"/home/travis/build/npmtest/node-npmtest-telegram-bot-bootstrap/node_modules/telegram-bot-bootstrap/views/js/ui.js":{"path":"/home/travis/build/npmtest/node-npmtest-telegram-bot-bootstrap/node_modules/telegram-bot-bootstrap/views/js/ui.js","s":{"1":2,"2":2,"3":0,"4":0,"5":0,"6":0,"7":0,"8":0,"9":0},"b":{"1":[0,0]},"f":{"1":2,"2":0,"3":0},"fnMap":{"1":{"name":"(anonymous_1)","line":1,"loc":{"start":{"line":1,"column":1},"end":{"line":1,"column":12}}},"2":{"name":"(anonymous_2)","line":4,"loc":{"start":{"line":4,"column":38},"end":{"line":4,"column":49}}},"3":{"name":"(anonymous_3)","line":8,"loc":{"start":{"line":8,"column":18},"end":{"line":8,"column":29}}}},"statementMap":{"1":{"start":{"line":1,"column":0},"end":{"line":15,"column":4}},"2":{"start":{"line":3,"column":2},"end":{"line":3,"column":39}},"3":{"start":{"line":4,"column":2},"end":{"line":13,"column":4}},"4":{"start":{"line":5,"column":4},"end":{"line":5,"column":465}},"5":{"start":{"line":6,"column":4},"end":{"line":6,"column":24}},"6":{"start":{"line":7,"column":4},"end":{"line":7,"column":22}},"7":{"start":{"line":8,"column":4},"end":{"line":11,"column":6}},"8":{"start":{"line":9,"column":6},"end":{"line":9,"column":29}},"9":{"start":{"line":10,"column":6},"end":{"line":10,"column":50}}},"branchMap":{"1":{"line":10,"type":"cond-expr","locations":[{"start":{"line":10,"column":29},"end":{"line":10,"column":38}},{"start":{"line":10,"column":41},"end":{"line":10,"column":49}}]}},"code":["(function() {","","  var app = angular.module('test', []);","  app.controller('DisplayController', function() {","    this.data = \"Lorem ipsum dolor sit amet, consectetur adipisicing elit, sed do eiusmod tempor incididunt ut labore et dolore magna aliqua. Ut enim ad minim veniam, quis nostrud exercitation ullamco laboris nisi ut aliquip ex ea commodo consequat. Duis aute irure dolor in reprehenderit in voluptate velit esse cillum dolore eu fugiat nulla pariatur. Excepteur sint occaecat cupidatat non proident, sunt in culpa qui officia deserunt mollit anim id est laborum.\";","    this.msg = \"mehehe\";","    this.flip = false;","    this.render = function() {","      this.flip = !this.flip;","      this.msg = this.flip ? this.data : \"mehehe\";","    };","","  })","","})()",""],"l":{"1":2,"3":2,"4":0,"5":0,"6":0,"7":0,"8":0,"9":0,"10":0}}}